<?xml version="1.0" encoding="UTF-8"?>
<!-- Generated by org.testng.reporters.JUnitXMLReporter -->
<testsuite ignored="0" hostname="Madhu" failures="0" tests="8" name="Automation Test" time="89.818" errors="0" timestamp="2025-08-31T12:20:15 IST">
  <testcase classname="org.orangeHRM.runnerScripts.testcase1_LoginTest" name="loginTC" time="7.006"/>
  <testcase classname="org.orangeHRM.runnerScripts.testcase1_LoginTest" name="loginTC" time="5.315"/>
  <testcase classname="org.orangeHRM.runnerScripts.testcase1_LoginTest" name="loginTC" time="5.718"/>
  <testcase classname="org.orangeHRM.runnerScripts.testcase1_LoginTest" name="loginTC" time="6.845"/>
  <testcase classname="org.orangeHRM.runnerScripts.testcase1_LoginTest" name="loginTC" time="7.224"/>
  <testcase classname="org.orangeHRM.runnerScripts.testcase1_LoginTest" name="loginTC" time="5.526"/>
  <testcase classname="org.orangeHRM.runnerScripts.testcase1_LoginTest" name="loginTC" time="6.764"/>
  <testcase classname="org.orangeHRM.runnerScripts.testcase1_LoginTest" name="loginTC" time="5.807"/>
</testsuite> <!-- Automation Test -->
