<?xml version="1.0" encoding="UTF-8"?>
<!-- Generated by org.testng.reporters.JUnitXMLReporter -->
<testsuite ignored="0" hostname="Madhu" failures="0" tests="9" name="Surefire test" time="0.545" errors="0" timestamp="2025-08-31T12:37:16 IST">
  <testcase classname="org.orangeHRM.allGenericScripts.genricScript_Browser" name="@BeforeClass launchEmptybrowser" time="-1.756624035675E9">
    <failure type="org.testng.TestNGException" message="
Parameter &amp;apos;browsername&amp;apos; is required by BeforeClass on method launchEmptybrowser but has not been marked @Optional or defined
">
      <![CDATA[org.testng.TestNGException: 
Parameter 'browsername' is required by BeforeClass on method launchEmptybrowser but has not been marked @Optional or defined

at java.base/java.util.ArrayList.forEach(ArrayList.java:1604)
... Removed 27 stack frames]]>
    </failure>
  </testcase> <!-- @BeforeClass launchEmptybrowser -->
  <testcase classname="org.orangeHRM.allGenericScripts.genricScript_Browser" name="@BeforeMethod websiteURL" time="0.0">
    <skipped/>
  </testcase> <!-- @BeforeMethod websiteURL -->
  <testcase classname="org.orangeHRM.allGenericScripts.genricScript_Browser" name="@AfterMethod logout" time="0.0">
    <skipped/>
  </testcase> <!-- @AfterMethod logout -->
  <testcase classname="org.orangeHRM.allGenericScripts.genricScript_Browser" name="@BeforeClass launchEmptybrowser" time="-1.756624035704E9">
    <failure type="org.testng.TestNGException" message="
Parameter &amp;apos;browsername&amp;apos; is required by BeforeClass on method launchEmptybrowser but has not been marked @Optional or defined
">
      <![CDATA[org.testng.TestNGException: 
Parameter 'browsername' is required by BeforeClass on method launchEmptybrowser but has not been marked @Optional or defined

at java.base/java.util.ArrayList.forEach(ArrayList.java:1604)
... Removed 27 stack frames]]>
    </failure>
  </testcase> <!-- @BeforeClass launchEmptybrowser -->
  <testcase classname="org.orangeHRM.allGenericScripts.genricScript_Browser" name="@BeforeMethod websiteURL" time="0.0">
    <skipped/>
  </testcase> <!-- @BeforeMethod websiteURL -->
  <testcase classname="org.orangeHRM.allGenericScripts.genricScript_Browser" name="@AfterMethod logout" time="0.0">
    <skipped/>
  </testcase> <!-- @AfterMethod logout -->
  <testcase classname="org.orangeHRM.allGenericScripts.genricScript_Browser" name="@BeforeMethod websiteURL" time="0.0">
    <skipped/>
  </testcase> <!-- @BeforeMethod websiteURL -->
  <testcase classname="org.orangeHRM.allGenericScripts.genricScript_Browser" name="@AfterMethod logout" time="0.0">
    <skipped/>
  </testcase> <!-- @AfterMethod logout -->
  <testcase classname="org.orangeHRM.allGenericScripts.genricScript_Browser" name="@BeforeMethod websiteURL" time="0.0">
    <skipped/>
  </testcase> <!-- @BeforeMethod websiteURL -->
  <testcase classname="org.orangeHRM.allGenericScripts.genricScript_Browser" name="@AfterMethod logout" time="0.0">
    <skipped/>
  </testcase> <!-- @AfterMethod logout -->
  <testcase classname="org.orangeHRM.allGenericScripts.genricScript_Browser" name="@BeforeMethod websiteURL" time="0.0">
    <skipped/>
  </testcase> <!-- @BeforeMethod websiteURL -->
  <testcase classname="org.orangeHRM.allGenericScripts.genricScript_Browser" name="@AfterMethod logout" time="0.0">
    <skipped/>
  </testcase> <!-- @AfterMethod logout -->
  <testcase classname="org.orangeHRM.allGenericScripts.genricScript_Browser" name="@BeforeMethod websiteURL" time="0.0">
    <skipped/>
  </testcase> <!-- @BeforeMethod websiteURL -->
  <testcase classname="org.orangeHRM.allGenericScripts.genricScript_Browser" name="@AfterMethod logout" time="0.0">
    <skipped/>
  </testcase> <!-- @AfterMethod logout -->
  <testcase classname="org.orangeHRM.allGenericScripts.genricScript_Browser" name="@BeforeMethod websiteURL" time="0.0">
    <skipped/>
  </testcase> <!-- @BeforeMethod websiteURL -->
  <testcase classname="org.orangeHRM.allGenericScripts.genricScript_Browser" name="@AfterMethod logout" time="0.0">
    <skipped/>
  </testcase> <!-- @AfterMethod logout -->
  <testcase classname="org.orangeHRM.allGenericScripts.genricScript_Browser" name="@BeforeMethod websiteURL" time="0.0">
    <skipped/>
  </testcase> <!-- @BeforeMethod websiteURL -->
  <testcase classname="org.orangeHRM.allGenericScripts.genricScript_Browser" name="@AfterMethod logout" time="0.0">
    <skipped/>
  </testcase> <!-- @AfterMethod logout -->
  <testcase classname="org.orangeHRM.allGenericScripts.genricScript_Browser" name="@BeforeMethod websiteURL" time="0.0">
    <skipped/>
  </testcase> <!-- @BeforeMethod websiteURL -->
  <testcase classname="org.orangeHRM.allGenericScripts.genricScript_Browser" name="@AfterMethod logout" time="0.0">
    <skipped/>
  </testcase> <!-- @AfterMethod logout -->
  <testcase classname="org.orangeHRM.runnerScripts.FailedTestCase" name="loginTC" time="0.001">
    <skipped/>
  </testcase> <!-- loginTC -->
  <testcase classname="org.orangeHRM.runnerScripts.testcase1_LoginTest" name="loginTC" time="0.0">
    <skipped/>
  </testcase> <!-- loginTC -->
  <testcase classname="org.orangeHRM.runnerScripts.testcase1_LoginTest" name="loginTC" time="0.0">
    <skipped/>
  </testcase> <!-- loginTC -->
  <testcase classname="org.orangeHRM.runnerScripts.testcase1_LoginTest" name="loginTC" time="0.0">
    <skipped/>
  </testcase> <!-- loginTC -->
  <testcase classname="org.orangeHRM.runnerScripts.testcase1_LoginTest" name="loginTC" time="0.0">
    <skipped/>
  </testcase> <!-- loginTC -->
  <testcase classname="org.orangeHRM.runnerScripts.testcase1_LoginTest" name="loginTC" time="0.0">
    <skipped/>
  </testcase> <!-- loginTC -->
  <testcase classname="org.orangeHRM.runnerScripts.testcase1_LoginTest" name="loginTC" time="0.0">
    <skipped/>
  </testcase> <!-- loginTC -->
  <testcase classname="org.orangeHRM.runnerScripts.testcase1_LoginTest" name="loginTC" time="0.0">
    <skipped/>
  </testcase> <!-- loginTC -->
  <testcase classname="org.orangeHRM.runnerScripts.testcase1_LoginTest" name="loginTC" time="0.0">
    <skipped/>
  </testcase> <!-- loginTC -->
</testsuite> <!-- Surefire test -->
