<?xml version="1.0" encoding="UTF-8"?>
<testsuite xmlns:xsi="http://www.w3.org/2001/XMLSchema-instance" xsi:noNamespaceSchemaLocation="https://maven.apache.org/surefire/maven-surefire-plugin/xsd/surefire-test-report-3.0.xsd" version="3.0" name="TestSuite" time="0.892" tests="29" errors="0" skipped="27" failures="2">
  <properties>
[...]
</properties>
  <testcase name="launchEmptybrowser" classname="org.orangeHRM.runnerScripts.FailedTestCase" time="0.268">
    <failure message="&#10;Parameter &apos;browsername&apos; is required by BeforeClass on method launchEmptybrowser but has not been marked @Optional or defined&#10;" type="org.testng.TestNGException"><![CDATA[org.testng.TestNGException: 

Parameter 'browsername' is required by BeforeClass on method launchEmptybrowser but has not been marked @Optional or defined

	at org.testng.internal.Parameters.createParams(Parameters.java:264)
	at org.testng.internal.Parameters.createParametersForMethod(Parameters.java:352)
	at org.testng.internal.Parameters.createParameters(Parameters.java:690)
	at org.testng.internal.Parameters.createConfigurationParameters(Parameters.java:163)
	at org.testng.internal.invokers.ConfigInvoker.invokeConfigurations(ConfigInvoker.java:313)
	at org.testng.internal.invokers.TestMethodWorker.invokeBeforeClassMethods(TestMethodWorker.java:188)
	at org.testng.internal.invokers.TestMethodWorker.run(TestMethodWorker.java:128)
	at java.base/java.util.ArrayList.forEach(ArrayList.java:1604)
	at org.testng.TestRunner.privateRun(TestRunner.java:741)
	at org.testng.TestRunner.run(TestRunner.java:616)
	at org.testng.SuiteRunner.runTest(SuiteRunner.java:421)
	at org.testng.SuiteRunner.runSequentially(SuiteRunner.java:413)
	at org.testng.SuiteRunner.privateRun(SuiteRunner.java:373)
	at org.testng.SuiteRunner.run(SuiteRunner.java:312)
	at org.testng.SuiteRunnerWorker.runSuite(SuiteRunnerWorker.java:52)
	at org.testng.SuiteRunnerWorker.run(SuiteRunnerWorker.java:95)
	at org.testng.TestNG.runSuitesSequentially(TestNG.java:1274)
	at org.testng.TestNG.runSuitesLocally(TestNG.java:1208)
	at org.testng.TestNG.runSuites(TestNG.java:1112)
	at org.testng.TestNG.run(TestNG.java:1079)
	at org.apache.maven.surefire.testng.TestNGExecutor.run(TestNGExecutor.java:155)
	at org.apache.maven.surefire.testng.TestNGDirectoryTestSuite.executeMulti(TestNGDirectoryTestSuite.java:169)
	at org.apache.maven.surefire.testng.TestNGDirectoryTestSuite.execute(TestNGDirectoryTestSuite.java:88)
	at org.apache.maven.surefire.testng.TestNGProvider.invoke(TestNGProvider.java:137)
	at org.apache.maven.surefire.booter.ForkedBooter.runSuitesInProcess(ForkedBooter.java:385)
	at org.apache.maven.surefire.booter.ForkedBooter.execute(ForkedBooter.java:162)
	at org.apache.maven.surefire.booter.ForkedBooter.run(ForkedBooter.java:507)
	at org.apache.maven.surefire.booter.ForkedBooter.main(ForkedBooter.java:495)
]]></failure>
    <system-err><![CDATA[SLF4J(W): No SLF4J providers were found.
SLF4J(W): Defaulting to no-operation (NOP) logger implementation
SLF4J(W): See https://www.slf4j.org/codes.html#noProviders for further details.
]]></system-err>
  </testcase>
  <testcase name="websiteURL" classname="org.orangeHRM.runnerScripts.FailedTestCase" time="0.0">
    <skipped/>
  </testcase>
  <testcase name="loginTC" classname="org.orangeHRM.runnerScripts.FailedTestCase" time="0.0">
    <skipped message="&#10;Parameter &apos;browsername&apos; is required by BeforeClass on method launchEmptybrowser but has not been marked @Optional or defined&#10;"/>
  </testcase>
  <testcase name="logout" classname="org.orangeHRM.runnerScripts.FailedTestCase" time="0.0">
    <skipped/>
  </testcase>
  <testcase name="launchEmptybrowser" classname="org.orangeHRM.runnerScripts.testcase1_LoginTest" time="0.002">
    <failure message="&#10;Parameter &apos;browsername&apos; is required by BeforeClass on method launchEmptybrowser but has not been marked @Optional or defined&#10;" type="org.testng.TestNGException"><![CDATA[org.testng.TestNGException: 

Parameter 'browsername' is required by BeforeClass on method launchEmptybrowser but has not been marked @Optional or defined

	at org.testng.internal.Parameters.createParams(Parameters.java:264)
	at org.testng.internal.Parameters.createParametersForMethod(Parameters.java:352)
	at org.testng.internal.Parameters.createParameters(Parameters.java:690)
	at org.testng.internal.Parameters.createConfigurationParameters(Parameters.java:163)
	at org.testng.internal.invokers.ConfigInvoker.invokeConfigurations(ConfigInvoker.java:313)
	at org.testng.internal.invokers.TestMethodWorker.invokeBeforeClassMethods(TestMethodWorker.java:188)
	at org.testng.internal.invokers.TestMethodWorker.run(TestMethodWorker.java:128)
	at java.base/java.util.ArrayList.forEach(ArrayList.java:1604)
	at org.testng.TestRunner.privateRun(TestRunner.java:741)
	at org.testng.TestRunner.run(TestRunner.java:616)
	at org.testng.SuiteRunner.runTest(SuiteRunner.java:421)
	at org.testng.SuiteRunner.runSequentially(SuiteRunner.java:413)
	at org.testng.SuiteRunner.privateRun(SuiteRunner.java:373)
	at org.testng.SuiteRunner.run(SuiteRunner.java:312)
	at org.testng.SuiteRunnerWorker.runSuite(SuiteRunnerWorker.java:52)
	at org.testng.SuiteRunnerWorker.run(SuiteRunnerWorker.java:95)
	at org.testng.TestNG.runSuitesSequentially(TestNG.java:1274)
	at org.testng.TestNG.runSuitesLocally(TestNG.java:1208)
	at org.testng.TestNG.runSuites(TestNG.java:1112)
	at org.testng.TestNG.run(TestNG.java:1079)
	at org.apache.maven.surefire.testng.TestNGExecutor.run(TestNGExecutor.java:155)
	at org.apache.maven.surefire.testng.TestNGDirectoryTestSuite.executeMulti(TestNGDirectoryTestSuite.java:169)
	at org.apache.maven.surefire.testng.TestNGDirectoryTestSuite.execute(TestNGDirectoryTestSuite.java:88)
	at org.apache.maven.surefire.testng.TestNGProvider.invoke(TestNGProvider.java:137)
	at org.apache.maven.surefire.booter.ForkedBooter.runSuitesInProcess(ForkedBooter.java:385)
	at org.apache.maven.surefire.booter.ForkedBooter.execute(ForkedBooter.java:162)
	at org.apache.maven.surefire.booter.ForkedBooter.run(ForkedBooter.java:507)
	at org.apache.maven.surefire.booter.ForkedBooter.main(ForkedBooter.java:495)
]]></failure>
  </testcase>
  <testcase name="websiteURL" classname="org.orangeHRM.runnerScripts.testcase1_LoginTest" time="0.0">
    <skipped/>
    <system-out><![CDATA[2025-08-31T07:07:15.755561900Z main ERROR Log4j API could not find a logging provider.
]]></system-out>
  </testcase>
  <testcase name="websiteURL" classname="org.orangeHRM.runnerScripts.testcase1_LoginTest" time="0.0">
    <skipped/>
  </testcase>
  <testcase name="websiteURL" classname="org.orangeHRM.runnerScripts.testcase1_LoginTest" time="0.0">
    <skipped/>
  </testcase>
  <testcase name="websiteURL" classname="org.orangeHRM.runnerScripts.testcase1_LoginTest" time="0.0">
    <skipped/>
  </testcase>
  <testcase name="websiteURL" classname="org.orangeHRM.runnerScripts.testcase1_LoginTest" time="0.0">
    <skipped/>
  </testcase>
  <testcase name="websiteURL" classname="org.orangeHRM.runnerScripts.testcase1_LoginTest" time="0.0">
    <skipped/>
  </testcase>
  <testcase name="websiteURL" classname="org.orangeHRM.runnerScripts.testcase1_LoginTest" time="0.0">
    <skipped/>
  </testcase>
  <testcase name="websiteURL" classname="org.orangeHRM.runnerScripts.testcase1_LoginTest" time="0.0">
    <skipped/>
  </testcase>
  <testcase name="loginTC[Madhu, Shree, B](1)" classname="org.orangeHRM.runnerScripts.testcase1_LoginTest" time="0.0">
    <skipped message="&#10;Parameter &apos;browsername&apos; is required by BeforeClass on method launchEmptybrowser but has not been marked @Optional or defined&#10;"/>
  </testcase>
  <testcase name="logout" classname="org.orangeHRM.runnerScripts.testcase1_LoginTest" time="0.0">
    <skipped/>
  </testcase>
  <testcase name="logout" classname="org.orangeHRM.runnerScripts.testcase1_LoginTest" time="0.0">
    <skipped/>
  </testcase>
  <testcase name="logout" classname="org.orangeHRM.runnerScripts.testcase1_LoginTest" time="0.0">
    <skipped/>
  </testcase>
  <testcase name="logout" classname="org.orangeHRM.runnerScripts.testcase1_LoginTest" time="0.0">
    <skipped/>
  </testcase>
  <testcase name="logout" classname="org.orangeHRM.runnerScripts.testcase1_LoginTest" time="0.0">
    <skipped/>
  </testcase>
  <testcase name="logout" classname="org.orangeHRM.runnerScripts.testcase1_LoginTest" time="0.0">
    <skipped/>
  </testcase>
  <testcase name="logout" classname="org.orangeHRM.runnerScripts.testcase1_LoginTest" time="0.0">
    <skipped/>
  </testcase>
  <testcase name="logout" classname="org.orangeHRM.runnerScripts.testcase1_LoginTest" time="0.0">
    <skipped/>
  </testcase>
  <testcase name="loginTC[Pooja, Shree, B](2)" classname="org.orangeHRM.runnerScripts.testcase1_LoginTest" time="0.0">
    <skipped message="&#10;Parameter &apos;browsername&apos; is required by BeforeClass on method launchEmptybrowser but has not been marked @Optional or defined&#10;"/>
  </testcase>
  <testcase name="loginTC[Raju, Shree, B](3)" classname="org.orangeHRM.runnerScripts.testcase1_LoginTest" time="0.0">
    <skipped message="&#10;Parameter &apos;browsername&apos; is required by BeforeClass on method launchEmptybrowser but has not been marked @Optional or defined&#10;"/>
  </testcase>
  <testcase name="loginTC[Sudha, Shree, B](4)" classname="org.orangeHRM.runnerScripts.testcase1_LoginTest" time="0.0">
    <skipped message="&#10;Parameter &apos;browsername&apos; is required by BeforeClass on method launchEmptybrowser but has not been marked @Optional or defined&#10;"/>
  </testcase>
  <testcase name="loginTC[Madhu, Gowda, B](5)" classname="org.orangeHRM.runnerScripts.testcase1_LoginTest" time="0.0">
    <skipped message="&#10;Parameter &apos;browsername&apos; is required by BeforeClass on method launchEmptybrowser but has not been marked @Optional or defined&#10;"/>
  </testcase>
  <testcase name="loginTC[Pooja, Gowda, c](6)" classname="org.orangeHRM.runnerScripts.testcase1_LoginTest" time="0.0">
    <skipped message="&#10;Parameter &apos;browsername&apos; is required by BeforeClass on method launchEmptybrowser but has not been marked @Optional or defined&#10;"/>
  </testcase>
  <testcase name="loginTC[Raju, Gowda, c](7)" classname="org.orangeHRM.runnerScripts.testcase1_LoginTest" time="0.0">
    <skipped message="&#10;Parameter &apos;browsername&apos; is required by BeforeClass on method launchEmptybrowser but has not been marked @Optional or defined&#10;"/>
  </testcase>
  <testcase name="loginTC[Sudha, Gowda, c](8)" classname="org.orangeHRM.runnerScripts.testcase1_LoginTest" time="0.0">
    <skipped message="&#10;Parameter &apos;browsername&apos; is required by BeforeClass on method launchEmptybrowser but has not been marked @Optional or defined&#10;"/>
  </testcase>
</testsuite>