<?xml version="1.0" encoding="UTF-8"?>
<!-- Generated by org.testng.reporters.JUnitXMLReporter -->
<testsuite ignored="0" hostname="Madhu" failures="0" tests="8" name="Automation Test" time="99.564" errors="0" timestamp="2025-08-31T10:45:15 IST">
  <testcase classname="org.orangeHRM.runnerScripts.testcase1_LoginTest" name="loginTC" time="7.786"/>
  <testcase classname="org.orangeHRM.runnerScripts.testcase1_LoginTest" name="loginTC" time="6.797"/>
  <testcase classname="org.orangeHRM.runnerScripts.testcase1_LoginTest" name="loginTC" time="7.03"/>
  <testcase classname="org.orangeHRM.runnerScripts.testcase1_LoginTest" name="loginTC" time="7.451"/>
  <testcase classname="org.orangeHRM.runnerScripts.testcase1_LoginTest" name="loginTC" time="7.485"/>
  <testcase classname="org.orangeHRM.runnerScripts.testcase1_LoginTest" name="loginTC" time="5.896"/>
  <testcase classname="org.orangeHRM.runnerScripts.testcase1_LoginTest" name="loginTC" time="5.682"/>
  <testcase classname="org.orangeHRM.runnerScripts.testcase1_LoginTest" name="loginTC" time="6.203"/>
</testsuite> <!-- Automation Test -->
