<?xml version="1.0" encoding="UTF-8"?>
<testng-results ignored="0" total="8" passed="8" failed="0" skipped="0">
  <reporter-output>
  </reporter-output>
  <suite started-at="2025-08-31T10:43:35 IST" name="Automation Suite" finished-at="2025-08-31T10:45:15 IST" duration-ms="99564">
    <groups>
    </groups>
    <test started-at="2025-08-31T10:43:35 IST" name="Automation Test" finished-at="2025-08-31T10:45:15 IST" duration-ms="99564">
      <class name="org.orangeHRM.runnerScripts.testcase1_LoginTest">
        <test-method is-config="true" signature="launchEmptybrowser(java.lang.String)[pri:0, instance:org.orangeHRM.runnerScripts.testcase1_LoginTest@74e52ef6]" started-at="2025-08-31T10:43:35 IST" name="launchEmptybrowser" finished-at="2025-08-31T10:43:46 IST" duration-ms="10793" status="PASS">
          <params>
            <param index="0">
              <value>
                <![CDATA[chrome]]>
              </value>
            </param>
          </params>
          <reporter-output>
          </reporter-output>
        </test-method> <!-- launchEmptybrowser -->
        <test-method is-config="true" signature="websiteURL()[pri:0, instance:org.orangeHRM.runnerScripts.testcase1_LoginTest@74e52ef6]" started-at="2025-08-31T10:43:47 IST" name="websiteURL" finished-at="2025-08-31T10:43:52 IST" duration-ms="4769" status="PASS">
          <reporter-output>
          </reporter-output>
        </test-method> <!-- websiteURL -->
        <test-method signature="loginTC(java.lang.String,java.lang.String,java.lang.String)[pri:0, instance:org.orangeHRM.runnerScripts.testcase1_LoginTest@74e52ef6]" started-at="2025-08-31T10:43:52 IST" name="loginTC" data-provider="newEmployeeData" finished-at="2025-08-31T10:43:59 IST" duration-ms="7786" status="PASS">
          <params>
            <param index="0">
              <value>
                <![CDATA[Madhu]]>
              </value>
            </param>
            <param index="1">
              <value>
                <![CDATA[Shree]]>
              </value>
            </param>
            <param index="2">
              <value>
                <![CDATA[B]]>
              </value>
            </param>
          </params>
          <reporter-output>
          </reporter-output>
        </test-method> <!-- loginTC -->
        <test-method is-config="true" signature="logout()[pri:0, instance:org.orangeHRM.runnerScripts.testcase1_LoginTest@74e52ef6]" started-at="2025-08-31T10:43:59 IST" name="logout" finished-at="2025-08-31T10:44:01 IST" duration-ms="1443" status="PASS">
          <reporter-output>
          </reporter-output>
        </test-method> <!-- logout -->
        <test-method is-config="true" signature="websiteURL()[pri:0, instance:org.orangeHRM.runnerScripts.testcase1_LoginTest@74e52ef6]" started-at="2025-08-31T10:44:01 IST" name="websiteURL" finished-at="2025-08-31T10:44:02 IST" duration-ms="1616" status="PASS">
          <reporter-output>
          </reporter-output>
        </test-method> <!-- websiteURL -->
        <test-method signature="loginTC(java.lang.String,java.lang.String,java.lang.String)[pri:0, instance:org.orangeHRM.runnerScripts.testcase1_LoginTest@74e52ef6]" started-at="2025-08-31T10:44:02 IST" name="loginTC" data-provider="newEmployeeData" finished-at="2025-08-31T10:44:09 IST" duration-ms="6797" status="PASS">
          <params>
            <param index="0">
              <value>
                <![CDATA[Pooja]]>
              </value>
            </param>
            <param index="1">
              <value>
                <![CDATA[Shree]]>
              </value>
            </param>
            <param index="2">
              <value>
                <![CDATA[B]]>
              </value>
            </param>
          </params>
          <reporter-output>
          </reporter-output>
        </test-method> <!-- loginTC -->
        <test-method is-config="true" signature="logout()[pri:0, instance:org.orangeHRM.runnerScripts.testcase1_LoginTest@74e52ef6]" started-at="2025-08-31T10:44:09 IST" name="logout" finished-at="2025-08-31T10:44:11 IST" duration-ms="1441" status="PASS">
          <reporter-output>
          </reporter-output>
        </test-method> <!-- logout -->
        <test-method is-config="true" signature="websiteURL()[pri:0, instance:org.orangeHRM.runnerScripts.testcase1_LoginTest@74e52ef6]" started-at="2025-08-31T10:44:11 IST" name="websiteURL" finished-at="2025-08-31T10:44:12 IST" duration-ms="1852" status="PASS">
          <reporter-output>
          </reporter-output>
        </test-method> <!-- websiteURL -->
        <test-method signature="loginTC(java.lang.String,java.lang.String,java.lang.String)[pri:0, instance:org.orangeHRM.runnerScripts.testcase1_LoginTest@74e52ef6]" started-at="2025-08-31T10:44:12 IST" name="loginTC" data-provider="newEmployeeData" finished-at="2025-08-31T10:44:19 IST" duration-ms="7030" status="PASS">
          <params>
            <param index="0">
              <value>
                <![CDATA[Raju]]>
              </value>
            </param>
            <param index="1">
              <value>
                <![CDATA[Shree]]>
              </value>
            </param>
            <param index="2">
              <value>
                <![CDATA[B]]>
              </value>
            </param>
          </params>
          <reporter-output>
          </reporter-output>
        </test-method> <!-- loginTC -->
        <test-method is-config="true" signature="logout()[pri:0, instance:org.orangeHRM.runnerScripts.testcase1_LoginTest@74e52ef6]" started-at="2025-08-31T10:44:19 IST" name="logout" finished-at="2025-08-31T10:44:21 IST" duration-ms="1543" status="PASS">
          <reporter-output>
          </reporter-output>
        </test-method> <!-- logout -->
        <test-method is-config="true" signature="websiteURL()[pri:0, instance:org.orangeHRM.runnerScripts.testcase1_LoginTest@74e52ef6]" started-at="2025-08-31T10:44:21 IST" name="websiteURL" finished-at="2025-08-31T10:44:23 IST" duration-ms="2249" status="PASS">
          <reporter-output>
          </reporter-output>
        </test-method> <!-- websiteURL -->
        <test-method signature="loginTC(java.lang.String,java.lang.String,java.lang.String)[pri:0, instance:org.orangeHRM.runnerScripts.testcase1_LoginTest@74e52ef6]" started-at="2025-08-31T10:44:23 IST" name="loginTC" data-provider="newEmployeeData" finished-at="2025-08-31T10:44:31 IST" duration-ms="7451" status="PASS">
          <params>
            <param index="0">
              <value>
                <![CDATA[Sudha]]>
              </value>
            </param>
            <param index="1">
              <value>
                <![CDATA[Shree]]>
              </value>
            </param>
            <param index="2">
              <value>
                <![CDATA[B]]>
              </value>
            </param>
          </params>
          <reporter-output>
          </reporter-output>
        </test-method> <!-- loginTC -->
        <test-method is-config="true" signature="logout()[pri:0, instance:org.orangeHRM.runnerScripts.testcase1_LoginTest@74e52ef6]" started-at="2025-08-31T10:44:31 IST" name="logout" finished-at="2025-08-31T10:44:32 IST" duration-ms="1443" status="PASS">
          <reporter-output>
          </reporter-output>
        </test-method> <!-- logout -->
        <test-method is-config="true" signature="websiteURL()[pri:0, instance:org.orangeHRM.runnerScripts.testcase1_LoginTest@74e52ef6]" started-at="2025-08-31T10:44:32 IST" name="websiteURL" finished-at="2025-08-31T10:44:34 IST" duration-ms="1968" status="PASS">
          <reporter-output>
          </reporter-output>
        </test-method> <!-- websiteURL -->
        <test-method signature="loginTC(java.lang.String,java.lang.String,java.lang.String)[pri:0, instance:org.orangeHRM.runnerScripts.testcase1_LoginTest@74e52ef6]" started-at="2025-08-31T10:44:34 IST" name="loginTC" data-provider="newEmployeeData" finished-at="2025-08-31T10:44:42 IST" duration-ms="7485" status="PASS">
          <params>
            <param index="0">
              <value>
                <![CDATA[Madhu]]>
              </value>
            </param>
            <param index="1">
              <value>
                <![CDATA[Gowda]]>
              </value>
            </param>
            <param index="2">
              <value>
                <![CDATA[B]]>
              </value>
            </param>
          </params>
          <reporter-output>
          </reporter-output>
        </test-method> <!-- loginTC -->
        <test-method is-config="true" signature="logout()[pri:0, instance:org.orangeHRM.runnerScripts.testcase1_LoginTest@74e52ef6]" started-at="2025-08-31T10:44:42 IST" name="logout" finished-at="2025-08-31T10:44:43 IST" duration-ms="1796" status="PASS">
          <reporter-output>
          </reporter-output>
        </test-method> <!-- logout -->
        <test-method is-config="true" signature="websiteURL()[pri:0, instance:org.orangeHRM.runnerScripts.testcase1_LoginTest@74e52ef6]" started-at="2025-08-31T10:44:43 IST" name="websiteURL" finished-at="2025-08-31T10:44:47 IST" duration-ms="3382" status="PASS">
          <reporter-output>
          </reporter-output>
        </test-method> <!-- websiteURL -->
        <test-method signature="loginTC(java.lang.String,java.lang.String,java.lang.String)[pri:0, instance:org.orangeHRM.runnerScripts.testcase1_LoginTest@74e52ef6]" started-at="2025-08-31T10:44:47 IST" name="loginTC" data-provider="newEmployeeData" finished-at="2025-08-31T10:44:53 IST" duration-ms="5896" status="PASS">
          <params>
            <param index="0">
              <value>
                <![CDATA[Pooja]]>
              </value>
            </param>
            <param index="1">
              <value>
                <![CDATA[Gowda]]>
              </value>
            </param>
            <param index="2">
              <value>
                <![CDATA[c]]>
              </value>
            </param>
          </params>
          <reporter-output>
          </reporter-output>
        </test-method> <!-- loginTC -->
        <test-method is-config="true" signature="logout()[pri:0, instance:org.orangeHRM.runnerScripts.testcase1_LoginTest@74e52ef6]" started-at="2025-08-31T10:44:53 IST" name="logout" finished-at="2025-08-31T10:44:54 IST" duration-ms="1364" status="PASS">
          <reporter-output>
          </reporter-output>
        </test-method> <!-- logout -->
        <test-method is-config="true" signature="websiteURL()[pri:0, instance:org.orangeHRM.runnerScripts.testcase1_LoginTest@74e52ef6]" started-at="2025-08-31T10:44:54 IST" name="websiteURL" finished-at="2025-08-31T10:44:57 IST" duration-ms="2863" status="PASS">
          <reporter-output>
          </reporter-output>
        </test-method> <!-- websiteURL -->
        <test-method signature="loginTC(java.lang.String,java.lang.String,java.lang.String)[pri:0, instance:org.orangeHRM.runnerScripts.testcase1_LoginTest@74e52ef6]" started-at="2025-08-31T10:44:57 IST" name="loginTC" data-provider="newEmployeeData" finished-at="2025-08-31T10:45:03 IST" duration-ms="5682" status="PASS">
          <params>
            <param index="0">
              <value>
                <![CDATA[Raju]]>
              </value>
            </param>
            <param index="1">
              <value>
                <![CDATA[Gowda]]>
              </value>
            </param>
            <param index="2">
              <value>
                <![CDATA[c]]>
              </value>
            </param>
          </params>
          <reporter-output>
          </reporter-output>
        </test-method> <!-- loginTC -->
        <test-method is-config="true" signature="logout()[pri:0, instance:org.orangeHRM.runnerScripts.testcase1_LoginTest@74e52ef6]" started-at="2025-08-31T10:45:03 IST" name="logout" finished-at="2025-08-31T10:45:04 IST" duration-ms="1147" status="PASS">
          <reporter-output>
          </reporter-output>
        </test-method> <!-- logout -->
        <test-method is-config="true" signature="websiteURL()[pri:0, instance:org.orangeHRM.runnerScripts.testcase1_LoginTest@74e52ef6]" started-at="2025-08-31T10:45:04 IST" name="websiteURL" finished-at="2025-08-31T10:45:07 IST" duration-ms="3106" status="PASS">
          <reporter-output>
          </reporter-output>
        </test-method> <!-- websiteURL -->
        <test-method signature="loginTC(java.lang.String,java.lang.String,java.lang.String)[pri:0, instance:org.orangeHRM.runnerScripts.testcase1_LoginTest@74e52ef6]" started-at="2025-08-31T10:45:07 IST" name="loginTC" data-provider="newEmployeeData" finished-at="2025-08-31T10:45:13 IST" duration-ms="6203" status="PASS">
          <params>
            <param index="0">
              <value>
                <![CDATA[Sudha]]>
              </value>
            </param>
            <param index="1">
              <value>
                <![CDATA[Gowda]]>
              </value>
            </param>
            <param index="2">
              <value>
                <![CDATA[c]]>
              </value>
            </param>
          </params>
          <reporter-output>
          </reporter-output>
        </test-method> <!-- loginTC -->
        <test-method is-config="true" signature="logout()[pri:0, instance:org.orangeHRM.runnerScripts.testcase1_LoginTest@74e52ef6]" started-at="2025-08-31T10:45:13 IST" name="logout" finished-at="2025-08-31T10:45:15 IST" duration-ms="1555" status="PASS">
          <reporter-output>
          </reporter-output>
        </test-method> <!-- logout -->
      </class> <!-- org.orangeHRM.runnerScripts.testcase1_LoginTest -->
    </test> <!-- Automation Test -->
  </suite> <!-- Automation Suite -->
</testng-results>
